<?xml version="1.0" encoding="UTF-8"?>
<!-- Generated by org.testng.reporters.JUnitXMLReporter -->
<testsuite ignored="0" hostname="DESKTOP-MNLKTSQ" failures="0" tests="3" name="Login Test " time="58.933" errors="0" timestamp="2025-03-30T10:35:27 IST">
  <testcase classname="AutoProject.Tests.LoginTest" name="submitOrder" time="19.89"/>
  <testcase classname="AutoProject.Tests.LoginTest" name="submitOrder" time="17.117"/>
  <testcase classname="AutoProject.Tests.LoginTest" name="OrderHistoryTest" time="1.601"/>
</testsuite> <!-- Login Test  -->
