<?xml version="1.0" encoding="UTF-8"?>
<testng-results ignored="0" total="0" passed="0" failed="0" skipped="0">
  <reporter-output>
  </reporter-output>
  <suite started-at="2025-03-30T17:47:25 IST" name="Suite" finished-at="2025-03-30T17:47:25 IST" duration-ms="0">
    <groups>
      <group name="ErrorHandling">
        <method signature="ErrorValidationsTest.LoginErrorValidations()[pri:0, instance:AutoProject.Tests.ErrorValidationsTest@1ebea008]" name="LoginErrorValidations" class="AutoProject.Tests.ErrorValidationsTest"/>
      </group> <!-- ErrorHandling -->
      <group name="Purchase">
        <method signature="LoginTest.submitOrder(java.util.HashMap)[pri:0, instance:AutoProject.Tests.LoginTest@38145825]" name="submitOrder" class="AutoProject.Tests.LoginTest"/>
      </group> <!-- Purchase -->
    </groups>
  </suite> <!-- Suite -->
</testng-results>
